Using pre-set license

 COMMAND LINE ARGUMENTS:
/Applications/Unity/Unity.app/Contents/MacOS/Unity
-adb2
-batchMode
-noUpm
-name
AssetImportWorker0
-projectPath
/Users/game34/School5
-logFile
Logs/AssetImportWorker0.log
-srvPort
58300
Successfully changed project path to: /Users/game34/School5
Could not lock editor preferences. Preferences updates for this instance of Unity will not be saved./Users/game34/School5
Using Asset Import Pipeline V2.
Refreshing native plugins compatible for Editor in 71.51 ms, found 2 plugins.
Preloading 0 native plugins for Editor in 0.00 ms.
Initialize engine version: 2021.1.6f1 (c0fade0cc7e9)
[Subsystems] Discovering subsystems at path /Applications/Unity/Unity.app/Contents/Resources/UnitySubsystems
[Subsystems] Discovering subsystems at path /Users/game34/School5/Assets
GfxDevice: creating device client; threaded=0; jobified=0
2022-04-06 11:37:10.125 Unity[71947:8470514] iMac preferred device: AMD Radeon Pro 5500 XT (high power)
2022-04-06 11:37:10.125 Unity[71947:8470514] Metal devices available: 1
2022-04-06 11:37:10.125 Unity[71947:8470514] 0: AMD Radeon Pro 5500 XT (high power)
2022-04-06 11:37:10.125 Unity[71947:8470514] Using device AMD Radeon Pro 5500 XT (high power)
Initializing Metal device caps: AMD Radeon Pro 5500 XT
Initialize mono
Mono path[0] = '/Applications/Unity/Unity.app/Contents/Managed'
Mono path[1] = '/Applications/Unity/Unity.app/Contents/MonoBleedingEdge/lib/mono/unityjit'
Mono config path = '/Applications/Unity/Unity.app/Contents/MonoBleedingEdge/etc'
Using monoOptions --debugger-agent=transport=dt_socket,embedding=1,server=y,suspend=n,address=127.0.0.1:56947
Begin MonoManager ReloadAssembly
Registering precompiled unity dll's ...
Register platform support module: /Applications/Unity/Unity.app/Contents/PlaybackEngines/MacStandaloneSupport/UnityEditor.OSXStandalone.Extensions.dll
Registered in 0.000436 seconds.
Native extension for OSXStandalone target not found
Refreshing native plugins compatible for Editor in 81.26 ms, found 2 plugins.
Preloading 0 native plugins for Editor in 0.00 ms.
Mono: successfully reloaded assembly
- Completed reload, in  2.046 seconds
Platform modules already initialized, skipping
Registering precompiled user dll's ...
Registered in 0.001511 seconds.
Begin MonoManager ReloadAssembly
Native extension for OSXStandalone target not found
Refreshing native plugins compatible for Editor in 78.19 ms, found 2 plugins.
Preloading 0 native plugins for Editor in 0.00 ms.
Mono: successfully reloaded assembly
- Completed reload, in  1.153 seconds
Platform modules already initialized, skipping
========================================================================
Worker process is ready to serve import requests
Launching external process: /Applications/Unity/Unity.app/Contents/Tools/UnityShaderCompiler
Launched and connected shader compiler UnityShaderCompiler after 0.01 seconds
Refreshing native plugins compatible for Editor in 0.60 ms, found 2 plugins.
Preloading 0 native plugins for Editor in 0.00 ms.
Unloading 3373 Unused Serialized files (Serialized files now loaded: 0)
System memory in use before: 202.7 MB.
System memory in use after: 202.7 MB.

Unloading 29 unused Assets to reduce memory usage. Loaded Objects now: 3826.
Total: 2.255838 ms (FindLiveObjects: 0.263359 ms CreateObjectMapping: 0.185515 ms MarkObjects: 1.704151 ms  DeleteObjects: 0.101789 ms)

========================================================================
Received Import Request.
  path: Assets/Course Library/Scripts/Target.cs
  artifactKey: Guid(3800377d220324a6aa6c08d69b9d54b3) Importer(815301076,1909f56bfc062723c751e8b465ee728b)
Start importing Assets/Course Library/Scripts/Target.cs using Guid(3800377d220324a6aa6c08d69b9d54b3) Importer(815301076,1909f56bfc062723c751e8b465ee728b)  -> (artifact id: '3988362c0a747a71661b568e8126fde4') in 0.278342 seconds 
========================================================================
Received Import Request.
  Time since last request: 75.202501 seconds.
  path: Assets/Course Library/Scripts/GameManager.cs
  artifactKey: Guid(4b58877cb017a4734911913b6035a2ae) Importer(815301076,1909f56bfc062723c751e8b465ee728b)
Start importing Assets/Course Library/Scripts/GameManager.cs using Guid(4b58877cb017a4734911913b6035a2ae) Importer(815301076,1909f56bfc062723c751e8b465ee728b)  -> (artifact id: '3ecc906695d6421d1190deb578f80313') in 0.003105 seconds 
========================================================================
Received Prepare
Registering precompiled user dll's ...
Registered in 0.001812 seconds.
Begin MonoManager ReloadAssembly
Native extension for OSXStandalone target not found
Refreshing native plugins compatible for Editor in 0.54 ms, found 2 plugins.
Preloading 0 native plugins for Editor in 0.00 ms.
Mono: successfully reloaded assembly
- Completed reload, in  0.899 seconds
Platform modules already initialized, skipping
Refreshing native plugins compatible for Editor in 0.53 ms, found 2 plugins.
Preloading 0 native plugins for Editor in 0.00 ms.
Unloading 3368 Unused Serialized files (Serialized files now loaded: 0)
System memory in use before: 207.2 MB.
System memory in use after: 207.3 MB.

Unloading 17 unused Assets to reduce memory usage. Loaded Objects now: 3831.
Total: 2.174559 ms (FindLiveObjects: 0.254486 ms CreateObjectMapping: 0.186619 ms MarkObjects: 1.658236 ms  DeleteObjects: 0.074482 ms)

========================================================================
Received Prepare
Registering precompiled user dll's ...
Registered in 0.002188 seconds.
Begin MonoManager ReloadAssembly
Native extension for OSXStandalone target not found
Refreshing native plugins compatible for Editor in 0.56 ms, found 2 plugins.
Preloading 0 native plugins for Editor in 0.00 ms.
Mono: successfully reloaded assembly
- Completed reload, in  0.900 seconds
Platform modules already initialized, skipping
Refreshing native plugins compatible for Editor in 0.65 ms, found 2 plugins.
Preloading 0 native plugins for Editor in 0.00 ms.
Unloading 3368 Unused Serialized files (Serialized files now loaded: 0)
System memory in use before: 207.5 MB.
System memory in use after: 207.6 MB.

Unloading 17 unused Assets to reduce memory usage. Loaded Objects now: 3835.
Total: 2.084763 ms (FindLiveObjects: 0.247092 ms CreateObjectMapping: 0.162659 ms MarkObjects: 1.601594 ms  DeleteObjects: 0.072693 ms)

========================================================================
Received Import Request.
  Time since last request: 563.238184 seconds.
  path: Assets/Course Library/Scripts/GameManager.cs
  artifactKey: Guid(4b58877cb017a4734911913b6035a2ae) Importer(815301076,1909f56bfc062723c751e8b465ee728b)
Start importing Assets/Course Library/Scripts/GameManager.cs using Guid(4b58877cb017a4734911913b6035a2ae) Importer(815301076,1909f56bfc062723c751e8b465ee728b)  -> (artifact id: '242bbb8c3c8b43d2cdb2a8ee409c7b32') in 0.004894 seconds 
========================================================================
Received Import Request.
  Time since last request: 40.845492 seconds.
  path: Assets/Course Library/Prefabs/Bad 1.prefab
  artifactKey: Guid(56f025eb3ea1a431894343fa6b703de1) Importer(815301076,1909f56bfc062723c751e8b465ee728b)
Start importing Assets/Course Library/Prefabs/Bad 1.prefab using Guid(56f025eb3ea1a431894343fa6b703de1) Importer(815301076,1909f56bfc062723c751e8b465ee728b)  -> (artifact id: '6310364c5a4273284de8a0a7e9eddd24') in 0.899198 seconds 
========================================================================
Received Import Request.
  Time since last request: 5.679618 seconds.
  path: Assets/Course Library/Prefabs/Good 1.prefab
  artifactKey: Guid(8d31c9374d7d04f7e8532e7fc81c33ef) Importer(815301076,1909f56bfc062723c751e8b465ee728b)
Start importing Assets/Course Library/Prefabs/Good 1.prefab using Guid(8d31c9374d7d04f7e8532e7fc81c33ef) Importer(815301076,1909f56bfc062723c751e8b465ee728b)  -> (artifact id: 'df29793b9a0a6bc115da302d0824eda0') in 0.012729 seconds 
========================================================================
Received Import Request.
  Time since last request: 6.740929 seconds.
  path: Assets/Course Library/Prefabs/Good 2.prefab
  artifactKey: Guid(bbba2a88b7440492a84bde4e1338eeec) Importer(815301076,1909f56bfc062723c751e8b465ee728b)
Start importing Assets/Course Library/Prefabs/Good 2.prefab using Guid(bbba2a88b7440492a84bde4e1338eeec) Importer(815301076,1909f56bfc062723c751e8b465ee728b)  -> (artifact id: '130ceec00af64432dad5bcb7f5982c5d') in 0.011031 seconds 
========================================================================
Received Import Request.
  Time since last request: 5.700612 seconds.
  path: Assets/Course Library/Prefabs/Good 3.prefab
  artifactKey: Guid(a1bc07823936846e2a4f2ab6cdb2252d) Importer(815301076,1909f56bfc062723c751e8b465ee728b)
Start importing Assets/Course Library/Prefabs/Good 3.prefab using Guid(a1bc07823936846e2a4f2ab6cdb2252d) Importer(815301076,1909f56bfc062723c751e8b465ee728b)  -> (artifact id: '6608faa8304f69ca0bf3a451d8732f75') in 0.010640 seconds 
========================================================================
Received Prepare
Registering precompiled user dll's ...
Registered in 0.001511 seconds.
Begin MonoManager ReloadAssembly
Native extension for OSXStandalone target not found
Refreshing native plugins compatible for Editor in 0.57 ms, found 2 plugins.
Preloading 0 native plugins for Editor in 0.00 ms.
Mono: successfully reloaded assembly
- Completed reload, in  0.894 seconds
Platform modules already initialized, skipping
Refreshing native plugins compatible for Editor in 0.52 ms, found 2 plugins.
Preloading 0 native plugins for Editor in 0.00 ms.
Unloading 3368 Unused Serialized files (Serialized files now loaded: 0)
System memory in use before: 216.1 MB.
System memory in use after: 216.2 MB.

Unloading 17 unused Assets to reduce memory usage. Loaded Objects now: 3846.
Total: 1.974761 ms (FindLiveObjects: 0.228685 ms CreateObjectMapping: 0.157793 ms MarkObjects: 1.519300 ms  DeleteObjects: 0.068226 ms)

========================================================================
Received Prepare
Registering precompiled user dll's ...
Registered in 0.001450 seconds.
Begin MonoManager ReloadAssembly
Native extension for OSXStandalone target not found
Refreshing native plugins compatible for Editor in 0.54 ms, found 2 plugins.
Preloading 0 native plugins for Editor in 0.00 ms.
Mono: successfully reloaded assembly
- Completed reload, in  0.895 seconds
Platform modules already initialized, skipping
Refreshing native plugins compatible for Editor in 0.56 ms, found 2 plugins.
Preloading 0 native plugins for Editor in 0.00 ms.
Unloading 3368 Unused Serialized files (Serialized files now loaded: 0)
System memory in use before: 216.4 MB.
System memory in use after: 216.5 MB.

Unloading 17 unused Assets to reduce memory usage. Loaded Objects now: 3850.
Total: 1.952998 ms (FindLiveObjects: 0.230886 ms CreateObjectMapping: 0.145188 ms MarkObjects: 1.503390 ms  DeleteObjects: 0.072868 ms)

========================================================================
Received Prepare
Registering precompiled user dll's ...
Registered in 0.002120 seconds.
Begin MonoManager ReloadAssembly
Native extension for OSXStandalone target not found
Refreshing native plugins compatible for Editor in 0.54 ms, found 2 plugins.
Preloading 0 native plugins for Editor in 0.00 ms.
Mono: successfully reloaded assembly
- Completed reload, in  0.890 seconds
Platform modules already initialized, skipping
Refreshing native plugins compatible for Editor in 0.54 ms, found 2 plugins.
Preloading 0 native plugins for Editor in 0.00 ms.
Unloading 3368 Unused Serialized files (Serialized files now loaded: 0)
System memory in use before: 216.5 MB.
System memory in use after: 216.6 MB.

Unloading 17 unused Assets to reduce memory usage. Loaded Objects now: 3854.
Total: 2.115209 ms (FindLiveObjects: 0.220429 ms CreateObjectMapping: 0.178844 ms MarkObjects: 1.643921 ms  DeleteObjects: 0.071265 ms)

AssetImportWorkerClient::OnTransportError - code=2 error=End of file
